<?xml version="1.0" encoding="UTF-8"?>
<!-- Generated by org.testng.reporters.JUnitReportReporter -->
<testsuite hostname="Dark-Saber" failures="0" tests="1" name="TestNG_Basics.TestNGDriver" time="10.064" errors="0" timestamp="2023-10-09T16:53:22 IST" skipped="0">
  <testcase classname="TestNG_Basics.TestNGDriver" name="Execution" time="10.064"/>
  <system-out/>
</testsuite> <!-- TestNG_Basics.TestNGDriver -->
