<?xml version="1.0" encoding="UTF-8"?>
<!-- Generated by org.testng.reporters.JUnitReportReporter -->
<testsuite hostname="Dark-Saber" failures="0" tests="1" name="TestNG_Basics.TestNgAssertions" time="4.634" errors="0" timestamp="2023-10-17T16:26:23 IST" skipped="0">
  <testcase classname="TestNG_Basics.TestNgAssertions" name="FBlogin" time="4.634"/>
  <system-out/>
</testsuite> <!-- TestNG_Basics.TestNgAssertions -->
