<?xml version="1.0" encoding="UTF-8"?>
<!-- Generated by org.testng.reporters.JUnitReportReporter -->
<testsuite hostname="Dark-Saber" failures="0" tests="3" name="TestNG_Basics.TestClass" time="20.063" errors="0" timestamp="2023-10-10T16:57:30 IST" skipped="0">
  <testcase classname="TestNG_Basics.TestClass" name="GoogleLaunch" time="13.123"/>
  <system-out/>
  <testcase classname="TestNG_Basics.TestClass" name="Django" time="0.004"/>
  <system-out/>
  <testcase classname="TestNG_Basics.TestClass" name="Facebook" time="6.936"/>
  <system-out/>
</testsuite> <!-- TestNG_Basics.TestClass -->
