<?xml version="1.0" encoding="UTF-8"?>
<!-- Generated by org.testng.reporters.JUnitReportReporter -->
<testsuite hostname="Dark-Saber" failures="0" tests="2" name="test" time="15.201" errors="0" timestamp="2023-10-09T14:14:33 IST" skipped="0">
  <testcase classname="test" name="quitup" time="0.009"/>
  <system-out/>
  <testcase classname="test" name="DriverLaunch" time="15.192"/>
  <system-out/>
</testsuite> <!-- test -->
