<?xml version="1.0" encoding="UTF-8"?>
<!-- Generated by org.testng.reporters.JUnitReportReporter -->
<testsuite hostname="Dark-Saber" failures="0" tests="1" name="TestPackage.test" time="5.447" errors="0" timestamp="2023-10-17T23:49:02 IST" skipped="0">
  <testcase classname="TestPackage.test" name="GoogleLand" time="5.447"/>
  <system-out/>
</testsuite> <!-- TestPackage.test -->
