<?xml version="1.0" encoding="UTF-8"?>
<!-- Generated by org.testng.reporters.JUnitReportReporter -->
<testsuite hostname="Dark-Saber" failures="0" tests="4" name="Framework.LoginPage" time="40.874" errors="0" timestamp="2023-10-22T01:44:02 IST" skipped="0">
  <testcase classname="Framework.LoginPage" name="Login" time="9.386"/>
  <system-out/>
  <testcase classname="Framework.LoginPage" name="Login" time="10.021"/>
  <system-out/>
  <testcase classname="Framework.LoginPage" name="Login" time="10.568"/>
  <system-out/>
  <testcase classname="Framework.LoginPage" name="Login" time="10.899"/>
  <system-out/>
</testsuite> <!-- Framework.LoginPage -->
