<?xml version="1.0" encoding="UTF-8"?>
<!-- Generated by org.testng.reporters.JUnitReportReporter -->
<testsuite hostname="Dark-Saber" failures="0" tests="2" name="TestNG_Basics.TestNgParameters" time="0.010" errors="0" timestamp="2023-10-19T16:12:31 IST" skipped="0">
  <testcase classname="TestNG_Basics.TestNgParameters" name="multiply" time="0.009"/>
  <system-out/>
  <testcase classname="TestNG_Basics.TestNgParameters" name="sum" time="0.001"/>
  <system-out/>
</testsuite> <!-- TestNG_Basics.TestNgParameters -->
