<?xml version="1.0" encoding="UTF-8"?>
<!-- Generated by org.testng.reporters.JUnitReportReporter -->
<testsuite hostname="Dark-Saber" failures="0" tests="1" name="TestNG_Basics.TestClass" time="10.094" errors="0" timestamp="2023-10-11T12:06:46 IST" skipped="0">
  <testcase classname="TestNG_Basics.TestClass" name="GoogleLaunch" time="10.094"/>
  <system-out/>
</testsuite> <!-- TestNG_Basics.TestClass -->
