<?xml version="1.0" encoding="UTF-8"?>
<!-- Generated by org.testng.reporters.JUnitReportReporter -->
<testsuite hostname="Dark-Saber" failures="0" tests="3" name="TestNG_Basics.TestNGFile" time="0.029" errors="0" timestamp="2023-10-10T16:51:54 IST" skipped="0">
  <testcase classname="TestNG_Basics.TestNGFile" name="Beta" time="0.003"/>
  <system-out/>
  <testcase classname="TestNG_Basics.TestNGFile" name="Asetup" time="0.023"/>
  <system-out/>
  <testcase classname="TestNG_Basics.TestNGFile" name="execute" time="0.003"/>
  <system-out/>
</testsuite> <!-- TestNG_Basics.TestNGFile -->
