<?xml version="1.0" encoding="UTF-8"?>
<!-- Generated by org.testng.reporters.JUnitReportReporter -->
<testsuite hostname="Dark-Saber" failures="0" tests="1" name="TestNG_Basics.NewTest" time="0.008" errors="0" timestamp="2023-10-11T12:16:33 IST" skipped="0">
  <testcase classname="TestNG_Basics.NewTest" name="TestMethods" time="0.008"/>
  <system-out/>
</testsuite> <!-- TestNG_Basics.NewTest -->
