<?xml version="1.0" encoding="UTF-8"?>
<!-- Generated by org.testng.reporters.JUnitReportReporter -->
<testsuite hostname="Dark-Saber" failures="0" tests="1" name="test" time="33.246" errors="0" timestamp="2023-10-11T15:52:18 IST" skipped="0">
  <testcase classname="test" name="quitup" time="33.246"/>
  <system-out/>
</testsuite> <!-- test -->
