<?xml version="1.0" encoding="UTF-8"?>
<!-- Generated by org.testng.reporters.JUnitReportReporter -->
<testsuite hostname="Dark-Saber" failures="0" tests="2" name="TestNG_Basics.TestNgParameters" time="0.011" errors="0" timestamp="2023-10-18T17:16:57 IST" skipped="0">
  <testcase classname="TestNG_Basics.TestNgParameters" name="multiply" time="0.010"/>
  <system-out/>
  <testcase classname="TestNG_Basics.TestNgParameters" name="sum" time="0.001"/>
  <system-out/>
</testsuite> <!-- TestNG_Basics.TestNgParameters -->
