<?xml version="1.0" encoding="UTF-8"?>
<!-- Generated by org.testng.reporters.JUnitReportReporter -->
<testsuite hostname="Dark-Saber" failures="0" tests="1" name="TestNG_Basics.TestNGAnnotations" time="0.012" errors="0" timestamp="2023-10-17T16:45:12 IST" skipped="0">
  <testcase classname="TestNG_Basics.TestNGAnnotations" name="test" time="0.012"/>
  <system-out/>
</testsuite> <!-- TestNG_Basics.TestNGAnnotations -->
