<?xml version="1.0" encoding="UTF-8"?>
<!-- Generated by org.testng.reporters.JUnitReportReporter -->
<testsuite hostname="Dark-Saber" failures="0" tests="3" name="TestNG_Basics.TestNGFile" time="0.020" errors="0" timestamp="2023-10-12T15:45:29 IST" skipped="0">
  <testcase classname="TestNG_Basics.TestNGFile" name="Beta" time="0.002"/>
  <system-out/>
  <testcase classname="TestNG_Basics.TestNGFile" name="Asetup" time="0.016"/>
  <system-out/>
  <testcase classname="TestNG_Basics.TestNGFile" name="execute" time="0.002"/>
  <system-out/>
</testsuite> <!-- TestNG_Basics.TestNGFile -->
