<?xml version="1.0" encoding="UTF-8"?>
<!-- Generated by org.testng.reporters.JUnitReportReporter -->
<testsuite hostname="Dark-Saber" failures="0" tests="1" name="TestPackage.Test2" time="0.015" errors="0" timestamp="2023-10-12T11:44:32 IST" skipped="0">
  <testcase classname="TestPackage.Test2" name="launch" time="0.015"/>
  <system-out/>
</testsuite> <!-- TestPackage.Test2 -->
