<?xml version="1.0" encoding="UTF-8"?>
<!-- Generated by org.testng.reporters.JUnitReportReporter -->
<testsuite hostname="Dark-Saber" failures="0" tests="1" name="TestNG_Basics.WebDriverFactory" time="1.561" errors="0" timestamp="2023-10-19T16:38:45 IST" skipped="0">
  <testcase classname="TestNG_Basics.WebDriverFactory" name="Fblanding" time="1.561"/>
  <system-out/>
</testsuite> <!-- TestNG_Basics.WebDriverFactory -->
