<?xml version="1.0" encoding="UTF-8"?>
<!-- Generated by org.testng.reporters.JUnitReportReporter -->
<testsuite hostname="Dark-Saber" failures="0" tests="2" name="TestNG_Basics.TestNGDriver" time="8.431" errors="0" timestamp="2023-10-10T16:24:08 IST" skipped="0">
  <testcase classname="TestNG_Basics.TestNGDriver" name="Execution" time="6.267"/>
  <system-out/>
  <testcase classname="TestNG_Basics.TestNGDriver" name="select" time="2.164"/>
  <system-out/>
</testsuite> <!-- TestNG_Basics.TestNGDriver -->
