<?xml version="1.0" encoding="UTF-8"?>
<!-- Generated by org.testng.reporters.JUnitReportReporter -->
<testsuite hostname="Dark-Saber" failures="0" tests="4" name="TestPackage.Test2" time="0.019" errors="0" timestamp="2023-10-20T00:02:19 IST" skipped="0">
  <testcase classname="TestPackage.Test2" name="login" time="0.014"/>
  <system-out/>
  <testcase classname="TestPackage.Test2" name="bookhotel" time="0.002"/>
  <system-out/>
  <testcase classname="TestPackage.Test2" name="printticket" time="0.001"/>
  <system-out/>
  <testcase classname="TestPackage.Test2" name="logout" time="0.002"/>
  <system-out/>
</testsuite> <!-- TestPackage.Test2 -->
